
---------------------------------

cg

***************
no prefetching


 NAS Parallel Benchmarks 2.3 OpenACC C version - CG Benchmark
 Size:      75000
 Iterations:    75
   iteration           ||r||                 zeta
        1       3.03548598614517e-13 5.9999475157875e+01
        2       1.11864354882675e-15 2.1762784614254e+01
        3       1.13122585119279e-15 2.2287661704322e+01
        4       1.12221605852839e-15 2.2523073818835e+01
        5       1.12442341772191e-15 2.2627539065389e+01
        6       1.13304348193841e-15 2.2674025918953e+01
        7       1.13342596230503e-15 2.2694905682625e+01
        8       1.13748393136469e-15 2.2704402316687e+01
        9       1.14248774430387e-15 2.2708783434562e+01
       10       1.13294751905663e-15 2.2710835139718e+01
 Benchmark completed


 CG Benchmark Completed
 Time in seconds =                    10.91


 NAS Parallel Benchmarks 2.3 OpenACC C version - CG Benchmark
 Size:      75000
 Iterations:    75
   iteration           ||r||                 zeta
        1       3.03548598614517e-13 5.9999475157875e+01
        2       1.11864354882675e-15 2.1762784614254e+01
        3       1.13122585119279e-15 2.2287661704322e+01
        4       1.12221605852839e-15 2.2523073818835e+01
        5       1.12442341772191e-15 2.2627539065389e+01
        6       1.13304348193841e-15 2.2674025918953e+01
        7       1.13342596230503e-15 2.2694905682625e+01
        8       1.13748393136469e-15 2.2704402316687e+01
        9       1.14248774430387e-15 2.2708783434562e+01
       10       1.13294751905663e-15 2.2710835139718e+01
 Benchmark completed


 CG Benchmark Completed
 Time in seconds =                    10.92


 NAS Parallel Benchmarks 2.3 OpenACC C version - CG Benchmark
 Size:      75000
 Iterations:    75
   iteration           ||r||                 zeta
        1       3.03548598614517e-13 5.9999475157875e+01
        2       1.11864354882675e-15 2.1762784614254e+01
        3       1.13122585119279e-15 2.2287661704322e+01
        4       1.12221605852839e-15 2.2523073818835e+01
        5       1.12442341772191e-15 2.2627539065389e+01
        6       1.13304348193841e-15 2.2674025918953e+01
        7       1.13342596230503e-15 2.2694905682625e+01
        8       1.13748393136469e-15 2.2704402316687e+01
        9       1.14248774430387e-15 2.2708783434562e+01
       10       1.13294751905663e-15 2.2710835139718e+01
 Benchmark completed


 CG Benchmark Completed
 Time in seconds =                    10.92

***************
offset  2


 NAS Parallel Benchmarks 2.3 OpenACC C version - CG Benchmark
 Size:      75000
 Iterations:    75
   iteration           ||r||                 zeta
        1       3.03548598614517e-13 5.9999475157875e+01
        2       1.11864354882675e-15 2.1762784614254e+01
        3       1.13122585119279e-15 2.2287661704322e+01
        4       1.12221605852839e-15 2.2523073818835e+01
        5       1.12442341772191e-15 2.2627539065389e+01
        6       1.13304348193841e-15 2.2674025918953e+01
        7       1.13342596230503e-15 2.2694905682625e+01
        8       1.13748393136469e-15 2.2704402316687e+01
        9       1.14248774430387e-15 2.2708783434562e+01
       10       1.13294751905663e-15 2.2710835139718e+01
 Benchmark completed


 CG Benchmark Completed
 Time in seconds =                    11.94


 NAS Parallel Benchmarks 2.3 OpenACC C version - CG Benchmark
 Size:      75000
 Iterations:    75
   iteration           ||r||                 zeta
        1       3.03548598614517e-13 5.9999475157875e+01
        2       1.11864354882675e-15 2.1762784614254e+01
        3       1.13122585119279e-15 2.2287661704322e+01
        4       1.12221605852839e-15 2.2523073818835e+01
        5       1.12442341772191e-15 2.2627539065389e+01
        6       1.13304348193841e-15 2.2674025918953e+01
        7       1.13342596230503e-15 2.2694905682625e+01
        8       1.13748393136469e-15 2.2704402316687e+01
        9       1.14248774430387e-15 2.2708783434562e+01
       10       1.13294751905663e-15 2.2710835139718e+01
 Benchmark completed


 CG Benchmark Completed
 Time in seconds =                    11.93


 NAS Parallel Benchmarks 2.3 OpenACC C version - CG Benchmark
 Size:      75000
 Iterations:    75
   iteration           ||r||                 zeta
        1       3.03548598614517e-13 5.9999475157875e+01
        2       1.11864354882675e-15 2.1762784614254e+01
        3       1.13122585119279e-15 2.2287661704322e+01
        4       1.12221605852839e-15 2.2523073818835e+01
        5       1.12442341772191e-15 2.2627539065389e+01
        6       1.13304348193841e-15 2.2674025918953e+01
        7       1.13342596230503e-15 2.2694905682625e+01
        8       1.13748393136469e-15 2.2704402316687e+01
        9       1.14248774430387e-15 2.2708783434562e+01
       10       1.13294751905663e-15 2.2710835139718e+01
 Benchmark completed


 CG Benchmark Completed
 Time in seconds =                    11.94

***************
offset  4


 NAS Parallel Benchmarks 2.3 OpenACC C version - CG Benchmark
 Size:      75000
 Iterations:    75
   iteration           ||r||                 zeta
        1       3.03548598614517e-13 5.9999475157875e+01
        2       1.11864354882675e-15 2.1762784614254e+01
        3       1.13122585119279e-15 2.2287661704322e+01
        4       1.12221605852839e-15 2.2523073818835e+01
        5       1.12442341772191e-15 2.2627539065389e+01
        6       1.13304348193841e-15 2.2674025918953e+01
        7       1.13342596230503e-15 2.2694905682625e+01
        8       1.13748393136469e-15 2.2704402316687e+01
        9       1.14248774430387e-15 2.2708783434562e+01
       10       1.13294751905663e-15 2.2710835139718e+01
 Benchmark completed


 CG Benchmark Completed
 Time in seconds =                    12.07


 NAS Parallel Benchmarks 2.3 OpenACC C version - CG Benchmark
 Size:      75000
 Iterations:    75
   iteration           ||r||                 zeta
        1       3.03548598614517e-13 5.9999475157875e+01
        2       1.11864354882675e-15 2.1762784614254e+01
        3       1.13122585119279e-15 2.2287661704322e+01
        4       1.12221605852839e-15 2.2523073818835e+01
        5       1.12442341772191e-15 2.2627539065389e+01
        6       1.13304348193841e-15 2.2674025918953e+01
        7       1.13342596230503e-15 2.2694905682625e+01
        8       1.13748393136469e-15 2.2704402316687e+01
        9       1.14248774430387e-15 2.2708783434562e+01
       10       1.13294751905663e-15 2.2710835139718e+01
 Benchmark completed


 CG Benchmark Completed
 Time in seconds =                    12.07


 NAS Parallel Benchmarks 2.3 OpenACC C version - CG Benchmark
 Size:      75000
 Iterations:    75
   iteration           ||r||                 zeta
        1       3.03548598614517e-13 5.9999475157875e+01
        2       1.11864354882675e-15 2.1762784614254e+01
        3       1.13122585119279e-15 2.2287661704322e+01
        4       1.12221605852839e-15 2.2523073818835e+01
        5       1.12442341772191e-15 2.2627539065389e+01
        6       1.13304348193841e-15 2.2674025918953e+01
        7       1.13342596230503e-15 2.2694905682625e+01
        8       1.13748393136469e-15 2.2704402316687e+01
        9       1.14248774430387e-15 2.2708783434562e+01
       10       1.13294751905663e-15 2.2710835139718e+01
 Benchmark completed


 CG Benchmark Completed
 Time in seconds =                    12.06

***************
offset  8


 NAS Parallel Benchmarks 2.3 OpenACC C version - CG Benchmark
 Size:      75000
 Iterations:    75
   iteration           ||r||                 zeta
        1       3.03548598614517e-13 5.9999475157875e+01
        2       1.11864354882675e-15 2.1762784614254e+01
        3       1.13122585119279e-15 2.2287661704322e+01
        4       1.12221605852839e-15 2.2523073818835e+01
        5       1.12442341772191e-15 2.2627539065389e+01
        6       1.13304348193841e-15 2.2674025918953e+01
        7       1.13342596230503e-15 2.2694905682625e+01
        8       1.13748393136469e-15 2.2704402316687e+01
        9       1.14248774430387e-15 2.2708783434562e+01
       10       1.13294751905663e-15 2.2710835139718e+01
 Benchmark completed


 CG Benchmark Completed
 Time in seconds =                    11.61


 NAS Parallel Benchmarks 2.3 OpenACC C version - CG Benchmark
 Size:      75000
 Iterations:    75
   iteration           ||r||                 zeta
        1       3.03548598614517e-13 5.9999475157875e+01
        2       1.11864354882675e-15 2.1762784614254e+01
        3       1.13122585119279e-15 2.2287661704322e+01
        4       1.12221605852839e-15 2.2523073818835e+01
        5       1.12442341772191e-15 2.2627539065389e+01
        6       1.13304348193841e-15 2.2674025918953e+01
        7       1.13342596230503e-15 2.2694905682625e+01
        8       1.13748393136469e-15 2.2704402316687e+01
        9       1.14248774430387e-15 2.2708783434562e+01
       10       1.13294751905663e-15 2.2710835139718e+01
 Benchmark completed


 CG Benchmark Completed
 Time in seconds =                    11.62


 NAS Parallel Benchmarks 2.3 OpenACC C version - CG Benchmark
 Size:      75000
 Iterations:    75
   iteration           ||r||                 zeta
        1       3.03548598614517e-13 5.9999475157875e+01
        2       1.11864354882675e-15 2.1762784614254e+01
        3       1.13122585119279e-15 2.2287661704322e+01
        4       1.12221605852839e-15 2.2523073818835e+01
        5       1.12442341772191e-15 2.2627539065389e+01
        6       1.13304348193841e-15 2.2674025918953e+01
        7       1.13342596230503e-15 2.2694905682625e+01
        8       1.13748393136469e-15 2.2704402316687e+01
        9       1.14248774430387e-15 2.2708783434562e+01
       10       1.13294751905663e-15 2.2710835139718e+01
 Benchmark completed


 CG Benchmark Completed
 Time in seconds =                    11.61

***************
offset  16


 NAS Parallel Benchmarks 2.3 OpenACC C version - CG Benchmark
 Size:      75000
 Iterations:    75
   iteration           ||r||                 zeta
        1       3.03548598614517e-13 5.9999475157875e+01
        2       1.11864354882675e-15 2.1762784614254e+01
        3       1.13122585119279e-15 2.2287661704322e+01
        4       1.12221605852839e-15 2.2523073818835e+01
        5       1.12442341772191e-15 2.2627539065389e+01
        6       1.13304348193841e-15 2.2674025918953e+01
        7       1.13342596230503e-15 2.2694905682625e+01
        8       1.13748393136469e-15 2.2704402316687e+01
        9       1.14248774430387e-15 2.2708783434562e+01
       10       1.13294751905663e-15 2.2710835139718e+01
 Benchmark completed


 CG Benchmark Completed
 Time in seconds =                    11.21


 NAS Parallel Benchmarks 2.3 OpenACC C version - CG Benchmark
 Size:      75000
 Iterations:    75
   iteration           ||r||                 zeta
        1       3.03548598614517e-13 5.9999475157875e+01
        2       1.11864354882675e-15 2.1762784614254e+01
        3       1.13122585119279e-15 2.2287661704322e+01
        4       1.12221605852839e-15 2.2523073818835e+01
        5       1.12442341772191e-15 2.2627539065389e+01
        6       1.13304348193841e-15 2.2674025918953e+01
        7       1.13342596230503e-15 2.2694905682625e+01
        8       1.13748393136469e-15 2.2704402316687e+01
        9       1.14248774430387e-15 2.2708783434562e+01
       10       1.13294751905663e-15 2.2710835139718e+01
 Benchmark completed


 CG Benchmark Completed
 Time in seconds =                    11.21


 NAS Parallel Benchmarks 2.3 OpenACC C version - CG Benchmark
 Size:      75000
 Iterations:    75
   iteration           ||r||                 zeta
        1       3.03548598614517e-13 5.9999475157875e+01
        2       1.11864354882675e-15 2.1762784614254e+01
        3       1.13122585119279e-15 2.2287661704322e+01
        4       1.12221605852839e-15 2.2523073818835e+01
        5       1.12442341772191e-15 2.2627539065389e+01
        6       1.13304348193841e-15 2.2674025918953e+01
        7       1.13342596230503e-15 2.2694905682625e+01
        8       1.13748393136469e-15 2.2704402316687e+01
        9       1.14248774430387e-15 2.2708783434562e+01
       10       1.13294751905663e-15 2.2710835139718e+01
 Benchmark completed


 CG Benchmark Completed
 Time in seconds =                    11.20

***************
offset  32


 NAS Parallel Benchmarks 2.3 OpenACC C version - CG Benchmark
 Size:      75000
 Iterations:    75
   iteration           ||r||                 zeta
        1       3.03548598614517e-13 5.9999475157875e+01
        2       1.11864354882675e-15 2.1762784614254e+01
        3       1.13122585119279e-15 2.2287661704322e+01
        4       1.12221605852839e-15 2.2523073818835e+01
        5       1.12442341772191e-15 2.2627539065389e+01
        6       1.13304348193841e-15 2.2674025918953e+01
        7       1.13342596230503e-15 2.2694905682625e+01
        8       1.13748393136469e-15 2.2704402316687e+01
        9       1.14248774430387e-15 2.2708783434562e+01
       10       1.13294751905663e-15 2.2710835139718e+01
 Benchmark completed


 CG Benchmark Completed
 Time in seconds =                    10.80


 NAS Parallel Benchmarks 2.3 OpenACC C version - CG Benchmark
 Size:      75000
 Iterations:    75
   iteration           ||r||                 zeta
        1       3.03548598614517e-13 5.9999475157875e+01
        2       1.11864354882675e-15 2.1762784614254e+01
        3       1.13122585119279e-15 2.2287661704322e+01
        4       1.12221605852839e-15 2.2523073818835e+01
        5       1.12442341772191e-15 2.2627539065389e+01
        6       1.13304348193841e-15 2.2674025918953e+01
        7       1.13342596230503e-15 2.2694905682625e+01
        8       1.13748393136469e-15 2.2704402316687e+01
        9       1.14248774430387e-15 2.2708783434562e+01
       10       1.13294751905663e-15 2.2710835139718e+01
 Benchmark completed


 CG Benchmark Completed
 Time in seconds =                    10.77


 NAS Parallel Benchmarks 2.3 OpenACC C version - CG Benchmark
 Size:      75000
 Iterations:    75
   iteration           ||r||                 zeta
        1       3.03548598614517e-13 5.9999475157875e+01
        2       1.11864354882675e-15 2.1762784614254e+01
        3       1.13122585119279e-15 2.2287661704322e+01
        4       1.12221605852839e-15 2.2523073818835e+01
        5       1.12442341772191e-15 2.2627539065389e+01
        6       1.13304348193841e-15 2.2674025918953e+01
        7       1.13342596230503e-15 2.2694905682625e+01
        8       1.13748393136469e-15 2.2704402316687e+01
        9       1.14248774430387e-15 2.2708783434562e+01
       10       1.13294751905663e-15 2.2710835139718e+01
 Benchmark completed


 CG Benchmark Completed
 Time in seconds =                    10.76

***************
offset  64


 NAS Parallel Benchmarks 2.3 OpenACC C version - CG Benchmark
 Size:      75000
 Iterations:    75
   iteration           ||r||                 zeta
        1       3.03548598614517e-13 5.9999475157875e+01
        2       1.11864354882675e-15 2.1762784614254e+01
        3       1.13122585119279e-15 2.2287661704322e+01
        4       1.12221605852839e-15 2.2523073818835e+01
        5       1.12442341772191e-15 2.2627539065389e+01
        6       1.13304348193841e-15 2.2674025918953e+01
        7       1.13342596230503e-15 2.2694905682625e+01
        8       1.13748393136469e-15 2.2704402316687e+01
        9       1.14248774430387e-15 2.2708783434562e+01
       10       1.13294751905663e-15 2.2710835139718e+01
 Benchmark completed


 CG Benchmark Completed
 Time in seconds =                    10.70


 NAS Parallel Benchmarks 2.3 OpenACC C version - CG Benchmark
 Size:      75000
 Iterations:    75
   iteration           ||r||                 zeta
        1       3.03548598614517e-13 5.9999475157875e+01
        2       1.11864354882675e-15 2.1762784614254e+01
        3       1.13122585119279e-15 2.2287661704322e+01
        4       1.12221605852839e-15 2.2523073818835e+01
        5       1.12442341772191e-15 2.2627539065389e+01
        6       1.13304348193841e-15 2.2674025918953e+01
        7       1.13342596230503e-15 2.2694905682625e+01
        8       1.13748393136469e-15 2.2704402316687e+01
        9       1.14248774430387e-15 2.2708783434562e+01
       10       1.13294751905663e-15 2.2710835139718e+01
 Benchmark completed


 CG Benchmark Completed
 Time in seconds =                    10.71


 NAS Parallel Benchmarks 2.3 OpenACC C version - CG Benchmark
 Size:      75000
 Iterations:    75
   iteration           ||r||                 zeta
        1       3.03548598614517e-13 5.9999475157875e+01
        2       1.11864354882675e-15 2.1762784614254e+01
        3       1.13122585119279e-15 2.2287661704322e+01
        4       1.12221605852839e-15 2.2523073818835e+01
        5       1.12442341772191e-15 2.2627539065389e+01
        6       1.13304348193841e-15 2.2674025918953e+01
        7       1.13342596230503e-15 2.2694905682625e+01
        8       1.13748393136469e-15 2.2704402316687e+01
        9       1.14248774430387e-15 2.2708783434562e+01
       10       1.13294751905663e-15 2.2710835139718e+01
 Benchmark completed


 CG Benchmark Completed
 Time in seconds =                    10.71

***************
offset  128


 NAS Parallel Benchmarks 2.3 OpenACC C version - CG Benchmark
 Size:      75000
 Iterations:    75
   iteration           ||r||                 zeta
        1       3.03548598614517e-13 5.9999475157875e+01
        2       1.11864354882675e-15 2.1762784614254e+01
        3       1.13122585119279e-15 2.2287661704322e+01
        4       1.12221605852839e-15 2.2523073818835e+01
        5       1.12442341772191e-15 2.2627539065389e+01
        6       1.13304348193841e-15 2.2674025918953e+01
        7       1.13342596230503e-15 2.2694905682625e+01
        8       1.13748393136469e-15 2.2704402316687e+01
        9       1.14248774430387e-15 2.2708783434562e+01
       10       1.13294751905663e-15 2.2710835139718e+01
 Benchmark completed


 CG Benchmark Completed
 Time in seconds =                    10.65


 NAS Parallel Benchmarks 2.3 OpenACC C version - CG Benchmark
 Size:      75000
 Iterations:    75
   iteration           ||r||                 zeta
        1       3.03548598614517e-13 5.9999475157875e+01
        2       1.11864354882675e-15 2.1762784614254e+01
        3       1.13122585119279e-15 2.2287661704322e+01
        4       1.12221605852839e-15 2.2523073818835e+01
        5       1.12442341772191e-15 2.2627539065389e+01
        6       1.13304348193841e-15 2.2674025918953e+01
        7       1.13342596230503e-15 2.2694905682625e+01
        8       1.13748393136469e-15 2.2704402316687e+01
        9       1.14248774430387e-15 2.2708783434562e+01
       10       1.13294751905663e-15 2.2710835139718e+01
 Benchmark completed


 CG Benchmark Completed
 Time in seconds =                    10.65


 NAS Parallel Benchmarks 2.3 OpenACC C version - CG Benchmark
 Size:      75000
 Iterations:    75
   iteration           ||r||                 zeta
        1       3.03548598614517e-13 5.9999475157875e+01
        2       1.11864354882675e-15 2.1762784614254e+01
        3       1.13122585119279e-15 2.2287661704322e+01
        4       1.12221605852839e-15 2.2523073818835e+01
        5       1.12442341772191e-15 2.2627539065389e+01
        6       1.13304348193841e-15 2.2674025918953e+01
        7       1.13342596230503e-15 2.2694905682625e+01
        8       1.13748393136469e-15 2.2704402316687e+01
        9       1.14248774430387e-15 2.2708783434562e+01
       10       1.13294751905663e-15 2.2710835139718e+01
 Benchmark completed


 CG Benchmark Completed
 Time in seconds =                    10.66

***************
offset  256


 NAS Parallel Benchmarks 2.3 OpenACC C version - CG Benchmark
 Size:      75000
 Iterations:    75
   iteration           ||r||                 zeta
        1       3.03548598614517e-13 5.9999475157875e+01
        2       1.11864354882675e-15 2.1762784614254e+01
        3       1.13122585119279e-15 2.2287661704322e+01
        4       1.12221605852839e-15 2.2523073818835e+01
        5       1.12442341772191e-15 2.2627539065389e+01
        6       1.13304348193841e-15 2.2674025918953e+01
        7       1.13342596230503e-15 2.2694905682625e+01
        8       1.13748393136469e-15 2.2704402316687e+01
        9       1.14248774430387e-15 2.2708783434562e+01
       10       1.13294751905663e-15 2.2710835139718e+01
 Benchmark completed


 CG Benchmark Completed
 Time in seconds =                    10.96


 NAS Parallel Benchmarks 2.3 OpenACC C version - CG Benchmark
 Size:      75000
 Iterations:    75
   iteration           ||r||                 zeta
        1       3.03548598614517e-13 5.9999475157875e+01
        2       1.11864354882675e-15 2.1762784614254e+01
        3       1.13122585119279e-15 2.2287661704322e+01
        4       1.12221605852839e-15 2.2523073818835e+01
        5       1.12442341772191e-15 2.2627539065389e+01
        6       1.13304348193841e-15 2.2674025918953e+01
        7       1.13342596230503e-15 2.2694905682625e+01
        8       1.13748393136469e-15 2.2704402316687e+01
        9       1.14248774430387e-15 2.2708783434562e+01
       10       1.13294751905663e-15 2.2710835139718e+01
 Benchmark completed


 CG Benchmark Completed
 Time in seconds =                    10.96


 NAS Parallel Benchmarks 2.3 OpenACC C version - CG Benchmark
 Size:      75000
 Iterations:    75
   iteration           ||r||                 zeta
        1       3.03548598614517e-13 5.9999475157875e+01
        2       1.11864354882675e-15 2.1762784614254e+01
        3       1.13122585119279e-15 2.2287661704322e+01
        4       1.12221605852839e-15 2.2523073818835e+01
        5       1.12442341772191e-15 2.2627539065389e+01
        6       1.13304348193841e-15 2.2674025918953e+01
        7       1.13342596230503e-15 2.2694905682625e+01
        8       1.13748393136469e-15 2.2704402316687e+01
        9       1.14248774430387e-15 2.2708783434562e+01
       10       1.13294751905663e-15 2.2710835139718e+01
 Benchmark completed


 CG Benchmark Completed
 Time in seconds =                    10.97

---------------------------------

is

***************
no prefetching


 NAS Parallel Benchmarks 2.3 OpenACC C version - IS Benchmark

 Size:  33554432  (class B)
 Iterations:   10

   iteration
        1
        2
        3
        4
        5
        6
        7
        8
        9
        10
time : 1.392635


 IS Benchmark Completed
 Time in seconds =                     1.39


 NAS Parallel Benchmarks 2.3 OpenACC C version - IS Benchmark

 Size:  33554432  (class B)
 Iterations:   10

   iteration
        1
        2
        3
        4
        5
        6
        7
        8
        9
        10
time : 1.444601


 IS Benchmark Completed
 Time in seconds =                     1.44


 NAS Parallel Benchmarks 2.3 OpenACC C version - IS Benchmark

 Size:  33554432  (class B)
 Iterations:   10

   iteration
        1
        2
        3
        4
        5
        6
        7
        8
        9
        10
time : 1.444469


 IS Benchmark Completed
 Time in seconds =                     1.44

***************
offset  2


 NAS Parallel Benchmarks 2.3 OpenACC C version - IS Benchmark

 Size:  33554432  (class B)
 Iterations:   10

   iteration
        1
        2
        3
        4
        5
        6
        7
        8
        9
        10
time : 1.714767


 IS Benchmark Completed
 Time in seconds =                     1.71


 NAS Parallel Benchmarks 2.3 OpenACC C version - IS Benchmark

 Size:  33554432  (class B)
 Iterations:   10

   iteration
        1
        2
        3
        4
        5
        6
        7
        8
        9
        10
time : 1.675604


 IS Benchmark Completed
 Time in seconds =                     1.68


 NAS Parallel Benchmarks 2.3 OpenACC C version - IS Benchmark

 Size:  33554432  (class B)
 Iterations:   10

   iteration
        1
        2
        3
        4
        5
        6
        7
        8
        9
        10
time : 1.672095


 IS Benchmark Completed
 Time in seconds =                     1.67

***************
offset  4


 NAS Parallel Benchmarks 2.3 OpenACC C version - IS Benchmark

 Size:  33554432  (class B)
 Iterations:   10

   iteration
        1
        2
        3
        4
        5
        6
        7
        8
        9
        10
time : 1.695892


 IS Benchmark Completed
 Time in seconds =                     1.70


 NAS Parallel Benchmarks 2.3 OpenACC C version - IS Benchmark

 Size:  33554432  (class B)
 Iterations:   10

   iteration
        1
        2
        3
        4
        5
        6
        7
        8
        9
        10
time : 1.646345


 IS Benchmark Completed
 Time in seconds =                     1.65


 NAS Parallel Benchmarks 2.3 OpenACC C version - IS Benchmark

 Size:  33554432  (class B)
 Iterations:   10

   iteration
        1
        2
        3
        4
        5
        6
        7
        8
        9
        10
time : 1.639361


 IS Benchmark Completed
 Time in seconds =                     1.64

***************
offset  8


 NAS Parallel Benchmarks 2.3 OpenACC C version - IS Benchmark

 Size:  33554432  (class B)
 Iterations:   10

   iteration
        1
        2
        3
        4
        5
        6
        7
        8
        9
        10
time : 1.569898


 IS Benchmark Completed
 Time in seconds =                     1.57


 NAS Parallel Benchmarks 2.3 OpenACC C version - IS Benchmark

 Size:  33554432  (class B)
 Iterations:   10

   iteration
        1
        2
        3
        4
        5
        6
        7
        8
        9
        10
time : 1.566789


 IS Benchmark Completed
 Time in seconds =                     1.57


 NAS Parallel Benchmarks 2.3 OpenACC C version - IS Benchmark

 Size:  33554432  (class B)
 Iterations:   10

   iteration
        1
        2
        3
        4
        5
        6
        7
        8
        9
        10
time : 1.609613


 IS Benchmark Completed
 Time in seconds =                     1.61

***************
offset  16


 NAS Parallel Benchmarks 2.3 OpenACC C version - IS Benchmark

 Size:  33554432  (class B)
 Iterations:   10

   iteration
        1
        2
        3
        4
        5
        6
        7
        8
        9
        10
time : 1.410519


 IS Benchmark Completed
 Time in seconds =                     1.41


 NAS Parallel Benchmarks 2.3 OpenACC C version - IS Benchmark

 Size:  33554432  (class B)
 Iterations:   10

   iteration
        1
        2
        3
        4
        5
        6
        7
        8
        9
        10
time : 1.435653


 IS Benchmark Completed
 Time in seconds =                     1.44


 NAS Parallel Benchmarks 2.3 OpenACC C version - IS Benchmark

 Size:  33554432  (class B)
 Iterations:   10

   iteration
        1
        2
        3
        4
        5
        6
        7
        8
        9
        10
time : 1.468984


 IS Benchmark Completed
 Time in seconds =                     1.47

***************
offset  32


 NAS Parallel Benchmarks 2.3 OpenACC C version - IS Benchmark

 Size:  33554432  (class B)
 Iterations:   10

   iteration
        1
        2
        3
        4
        5
        6
        7
        8
        9
        10
time : 1.239359


 IS Benchmark Completed
 Time in seconds =                     1.24


 NAS Parallel Benchmarks 2.3 OpenACC C version - IS Benchmark

 Size:  33554432  (class B)
 Iterations:   10

   iteration
        1
        2
        3
        4
        5
        6
        7
        8
        9
        10
time : 1.247746


 IS Benchmark Completed
 Time in seconds =                     1.25


 NAS Parallel Benchmarks 2.3 OpenACC C version - IS Benchmark

 Size:  33554432  (class B)
 Iterations:   10

   iteration
        1
        2
        3
        4
        5
        6
        7
        8
        9
        10
time : 1.247415


 IS Benchmark Completed
 Time in seconds =                     1.25

***************
offset  64


 NAS Parallel Benchmarks 2.3 OpenACC C version - IS Benchmark

 Size:  33554432  (class B)
 Iterations:   10

   iteration
        1
        2
        3
        4
        5
        6
        7
        8
        9
        10
time : 1.140035


 IS Benchmark Completed
 Time in seconds =                     1.14


 NAS Parallel Benchmarks 2.3 OpenACC C version - IS Benchmark

 Size:  33554432  (class B)
 Iterations:   10

   iteration
        1
        2
        3
        4
        5
        6
        7
        8
        9
        10
time : 1.121604


 IS Benchmark Completed
 Time in seconds =                     1.12


 NAS Parallel Benchmarks 2.3 OpenACC C version - IS Benchmark

 Size:  33554432  (class B)
 Iterations:   10

   iteration
        1
        2
        3
        4
        5
        6
        7
        8
        9
        10
time : 1.130995


 IS Benchmark Completed
 Time in seconds =                     1.13

***************
offset  128


 NAS Parallel Benchmarks 2.3 OpenACC C version - IS Benchmark

 Size:  33554432  (class B)
 Iterations:   10

   iteration
        1
        2
        3
        4
        5
        6
        7
        8
        9
        10
time : 1.123560


 IS Benchmark Completed
 Time in seconds =                     1.12


 NAS Parallel Benchmarks 2.3 OpenACC C version - IS Benchmark

 Size:  33554432  (class B)
 Iterations:   10

   iteration
        1
        2
        3
        4
        5
        6
        7
        8
        9
        10
time : 1.090976


 IS Benchmark Completed
 Time in seconds =                     1.09


 NAS Parallel Benchmarks 2.3 OpenACC C version - IS Benchmark

 Size:  33554432  (class B)
 Iterations:   10

   iteration
        1
        2
        3
        4
        5
        6
        7
        8
        9
        10
time : 1.107001


 IS Benchmark Completed
 Time in seconds =                     1.11

***************
offset  256


 NAS Parallel Benchmarks 2.3 OpenACC C version - IS Benchmark

 Size:  33554432  (class B)
 Iterations:   10

   iteration
        1
        2
        3
        4
        5
        6
        7
        8
        9
        10
time : 1.113237


 IS Benchmark Completed
 Time in seconds =                     1.11


 NAS Parallel Benchmarks 2.3 OpenACC C version - IS Benchmark

 Size:  33554432  (class B)
 Iterations:   10

   iteration
        1
        2
        3
        4
        5
        6
        7
        8
        9
        10
time : 1.105350


 IS Benchmark Completed
 Time in seconds =                     1.11


 NAS Parallel Benchmarks 2.3 OpenACC C version - IS Benchmark

 Size:  33554432  (class B)
 Iterations:   10

   iteration
        1
        2
        3
        4
        5
        6
        7
        8
        9
        10
time : 1.112112


 IS Benchmark Completed
 Time in seconds =                     1.11

---------------------------------

rand

***************
no prefetching

real	0m0.329s
user	0m0.329s
sys	0m0.000s

real	0m0.329s
user	0m0.329s
sys	0m0.000s

real	0m0.329s
user	0m0.320s
sys	0m0.008s

***************
offset  2

real	0m0.459s
user	0m0.442s
sys	0m0.004s

real	0m0.447s
user	0m0.443s
sys	0m0.004s

real	0m0.447s
user	0m0.438s
sys	0m0.008s

***************
offset  4

real	0m0.451s
user	0m0.438s
sys	0m0.012s

real	0m0.452s
user	0m0.452s
sys	0m0.000s

real	0m0.451s
user	0m0.447s
sys	0m0.004s

***************
offset  8

real	0m0.388s
user	0m0.383s
sys	0m0.004s

real	0m0.389s
user	0m0.388s
sys	0m0.000s

real	0m0.389s
user	0m0.388s
sys	0m0.000s

***************
offset  16

real	0m0.334s
user	0m0.333s
sys	0m0.000s

real	0m0.334s
user	0m0.329s
sys	0m0.004s

real	0m0.334s
user	0m0.325s
sys	0m0.008s

***************
offset  32

real	0m0.321s
user	0m0.312s
sys	0m0.008s

real	0m0.321s
user	0m0.320s
sys	0m0.000s

real	0m0.321s
user	0m0.316s
sys	0m0.004s

***************
offset  64

real	0m0.320s
user	0m0.315s
sys	0m0.004s

real	0m0.321s
user	0m0.320s
sys	0m0.000s

real	0m0.320s
user	0m0.320s
sys	0m0.000s

***************
offset  128

real	0m0.320s
user	0m0.311s
sys	0m0.008s

real	0m0.328s
user	0m0.324s
sys	0m0.004s

real	0m0.330s
user	0m0.325s
sys	0m0.004s

***************
offset  256

real	0m0.324s
user	0m0.318s
sys	0m0.004s

real	0m0.321s
user	0m0.320s
sys	0m0.000s

real	0m0.321s
user	0m0.316s
sys	0m0.004s

---------------------------------

hj2

***************
no prefetching
[INFO ] Creating relation R with size = 97.656 MiB, #tuples = 12800000 : OK 
[INFO ] Creating relation S with size = 97.656 MiB, #tuples = 12800000 : 1570477699 	 588333390 	 0 OK 
[INFO ] Running join algorithm NPO_st ...
time : 0.307799
RUNTIME TOTAL, BUILD, PART (cycles): 

TOTAL-TIME-USECS, TOTAL-TUPLES, CYCLES-PER-TUPLE: 
491897.0000 	 12800000 	 122.6936 
[INFO ] Results = 12800000. DONE.
[INFO ] Creating relation R with size = 97.656 MiB, #tuples = 12800000 : OK 
[INFO ] Creating relation S with size = 97.656 MiB, #tuples = 12800000 : 1578119453 	 594427584 	 0 OK 
[INFO ] Running join algorithm NPO_st ...
time : 0.308280
RUNTIME TOTAL, BUILD, PART (cycles): 

TOTAL-TIME-USECS, TOTAL-TUPLES, CYCLES-PER-TUPLE: 
494291.0000 	 12800000 	 123.2906 
[INFO ] Results = 12800000. DONE.
[INFO ] Creating relation R with size = 97.656 MiB, #tuples = 12800000 : OK 
[INFO ] Creating relation S with size = 97.656 MiB, #tuples = 12800000 : 1574835936 	 595022103 	 0 OK 
[INFO ] Running join algorithm NPO_st ...
time : 0.307067
RUNTIME TOTAL, BUILD, PART (cycles): 

TOTAL-TIME-USECS, TOTAL-TUPLES, CYCLES-PER-TUPLE: 
493263.0000 	 12800000 	 123.0341 
[INFO ] Results = 12800000. DONE.

***************
offset  2
[INFO ] Creating relation R with size = 97.656 MiB, #tuples = 12800000 : OK 
[INFO ] Creating relation S with size = 97.656 MiB, #tuples = 12800000 : 1481540412 	 583603697 	 0 OK 
[INFO ] Running join algorithm NPO_st ...
time : 0.281401
RUNTIME TOTAL, BUILD, PART (cycles): 

TOTAL-TIME-USECS, TOTAL-TUPLES, CYCLES-PER-TUPLE: 
464040.0000 	 12800000 	 115.7453 
[INFO ] Results = 12800000. DONE.
[INFO ] Creating relation R with size = 97.656 MiB, #tuples = 12800000 : OK 
[INFO ] Creating relation S with size = 97.656 MiB, #tuples = 12800000 : 1470835029 	 576039342 	 0 OK 
[INFO ] Running join algorithm NPO_st ...
time : 0.280435
RUNTIME TOTAL, BUILD, PART (cycles): 

TOTAL-TIME-USECS, TOTAL-TUPLES, CYCLES-PER-TUPLE: 
460688.0000 	 12800000 	 114.9090 
[INFO ] Results = 12800000. DONE.
[INFO ] Creating relation R with size = 97.656 MiB, #tuples = 12800000 : OK 
[INFO ] Creating relation S with size = 97.656 MiB, #tuples = 12800000 : 1473295718 	 576287913 	 0 OK 
[INFO ] Running join algorithm NPO_st ...
time : 0.281116
RUNTIME TOTAL, BUILD, PART (cycles): 

TOTAL-TIME-USECS, TOTAL-TUPLES, CYCLES-PER-TUPLE: 
461458.0000 	 12800000 	 115.1012 
[INFO ] Results = 12800000. DONE.

***************
offset  4
[INFO ] Creating relation R with size = 97.656 MiB, #tuples = 12800000 : OK 
[INFO ] Creating relation S with size = 97.656 MiB, #tuples = 12800000 : 1369313286 	 585175796 	 0 OK 
[INFO ] Running join algorithm NPO_st ...
time : 0.245738
RUNTIME TOTAL, BUILD, PART (cycles): 

TOTAL-TIME-USECS, TOTAL-TUPLES, CYCLES-PER-TUPLE: 
428889.0000 	 12800000 	 106.9776 
[INFO ] Results = 12800000. DONE.
[INFO ] Creating relation R with size = 97.656 MiB, #tuples = 12800000 : OK 
[INFO ] Creating relation S with size = 97.656 MiB, #tuples = 12800000 : 1369532564 	 584951898 	 0 OK 
[INFO ] Running join algorithm NPO_st ...
time : 0.245842
RUNTIME TOTAL, BUILD, PART (cycles): 

TOTAL-TIME-USECS, TOTAL-TUPLES, CYCLES-PER-TUPLE: 
428959.0000 	 12800000 	 106.9947 
[INFO ] Results = 12800000. DONE.
[INFO ] Creating relation R with size = 97.656 MiB, #tuples = 12800000 : OK 
[INFO ] Creating relation S with size = 97.656 MiB, #tuples = 12800000 : 1362245673 	 577236192 	 0 OK 
[INFO ] Running join algorithm NPO_st ...
time : 0.245986
RUNTIME TOTAL, BUILD, PART (cycles): 

TOTAL-TIME-USECS, TOTAL-TUPLES, CYCLES-PER-TUPLE: 
426676.0000 	 12800000 	 106.4254 
[INFO ] Results = 12800000. DONE.

***************
offset  8
[INFO ] Creating relation R with size = 97.656 MiB, #tuples = 12800000 : OK 
[INFO ] Creating relation S with size = 97.656 MiB, #tuples = 12800000 : 1211769687 	 576118470 	 0 OK 
[INFO ] Running join algorithm NPO_st ...
time : 0.199191
RUNTIME TOTAL, BUILD, PART (cycles): 

TOTAL-TIME-USECS, TOTAL-TUPLES, CYCLES-PER-TUPLE: 
379545.0000 	 12800000 	 94.6695 
[INFO ] Results = 12800000. DONE.
[INFO ] Creating relation R with size = 97.656 MiB, #tuples = 12800000 : OK 
[INFO ] Creating relation S with size = 97.656 MiB, #tuples = 12800000 : 1212561029 	 576298918 	 0 OK 
[INFO ] Running join algorithm NPO_st ...
time : 0.199399
RUNTIME TOTAL, BUILD, PART (cycles): 

TOTAL-TIME-USECS, TOTAL-TUPLES, CYCLES-PER-TUPLE: 
379793.0000 	 12800000 	 94.7313 
[INFO ] Results = 12800000. DONE.
[INFO ] Creating relation R with size = 97.656 MiB, #tuples = 12800000 : OK 
[INFO ] Creating relation S with size = 97.656 MiB, #tuples = 12800000 : 1215086086 	 579012512 	 0 OK 
[INFO ] Running join algorithm NPO_st ...
time : 0.199319
RUNTIME TOTAL, BUILD, PART (cycles): 

TOTAL-TIME-USECS, TOTAL-TUPLES, CYCLES-PER-TUPLE: 
380583.0000 	 12800000 	 94.9286 
[INFO ] Results = 12800000. DONE.

***************
offset  16
[INFO ] Creating relation R with size = 97.656 MiB, #tuples = 12800000 : OK 
[INFO ] Creating relation S with size = 97.656 MiB, #tuples = 12800000 : 1051533335 	 575368239 	 0 OK 
[INFO ] Running join algorithm NPO_st ...
time : 0.149222
RUNTIME TOTAL, BUILD, PART (cycles): 

TOTAL-TIME-USECS, TOTAL-TUPLES, CYCLES-PER-TUPLE: 
329356.0000 	 12800000 	 82.1510 
[INFO ] Results = 12800000. DONE.
[INFO ] Creating relation R with size = 97.656 MiB, #tuples = 12800000 : OK 
[INFO ] Creating relation S with size = 97.656 MiB, #tuples = 12800000 : 1064091903 	 585636751 	 0 OK 
[INFO ] Running join algorithm NPO_st ...
time : 0.149918
RUNTIME TOTAL, BUILD, PART (cycles): 

TOTAL-TIME-USECS, TOTAL-TUPLES, CYCLES-PER-TUPLE: 
333290.0000 	 12800000 	 83.1322 
[INFO ] Results = 12800000. DONE.
[INFO ] Creating relation R with size = 97.656 MiB, #tuples = 12800000 : OK 
[INFO ] Creating relation S with size = 97.656 MiB, #tuples = 12800000 : 1055612704 	 579613690 	 0 OK 
[INFO ] Running join algorithm NPO_st ...
time : 0.149144
RUNTIME TOTAL, BUILD, PART (cycles): 

TOTAL-TIME-USECS, TOTAL-TUPLES, CYCLES-PER-TUPLE: 
330634.0000 	 12800000 	 82.4697 
[INFO ] Results = 12800000. DONE.

***************
offset  32
[INFO ] Creating relation R with size = 97.656 MiB, #tuples = 12800000 : OK 
[INFO ] Creating relation S with size = 97.656 MiB, #tuples = 12800000 : 994246173 	 585278982 	 0 OK 
[INFO ] Running join algorithm NPO_st ...
time : 0.128146
RUNTIME TOTAL, BUILD, PART (cycles): 

TOTAL-TIME-USECS, TOTAL-TUPLES, CYCLES-PER-TUPLE: 
311413.0000 	 12800000 	 77.6755 
[INFO ] Results = 12800000. DONE.
[INFO ] Creating relation R with size = 97.656 MiB, #tuples = 12800000 : OK 
[INFO ] Creating relation S with size = 97.656 MiB, #tuples = 12800000 : 983007412 	 575693201 	 0 OK 
[INFO ] Running join algorithm NPO_st ...
time : 0.127630
RUNTIME TOTAL, BUILD, PART (cycles): 

TOTAL-TIME-USECS, TOTAL-TUPLES, CYCLES-PER-TUPLE: 
307893.0000 	 12800000 	 76.7975 
[INFO ] Results = 12800000. DONE.
[INFO ] Creating relation R with size = 97.656 MiB, #tuples = 12800000 : OK 
[INFO ] Creating relation S with size = 97.656 MiB, #tuples = 12800000 : 984770397 	 576886298 	 0 OK 
[INFO ] Running join algorithm NPO_st ...
time : 0.127794
RUNTIME TOTAL, BUILD, PART (cycles): 

TOTAL-TIME-USECS, TOTAL-TUPLES, CYCLES-PER-TUPLE: 
308444.0000 	 12800000 	 76.9352 
[INFO ] Results = 12800000. DONE.

***************
offset  64
[INFO ] Creating relation R with size = 97.656 MiB, #tuples = 12800000 : OK 
[INFO ] Creating relation S with size = 97.656 MiB, #tuples = 12800000 : 1005512221 	 585208617 	 0 OK 
[INFO ] Running join algorithm NPO_st ...
time : 0.131719
RUNTIME TOTAL, BUILD, PART (cycles): 

TOTAL-TIME-USECS, TOTAL-TUPLES, CYCLES-PER-TUPLE: 
314942.0000 	 12800000 	 78.5556 
[INFO ] Results = 12800000. DONE.
[INFO ] Creating relation R with size = 97.656 MiB, #tuples = 12800000 : OK 
[INFO ] Creating relation S with size = 97.656 MiB, #tuples = 12800000 : 995439197 	 575962476 	 0 OK 
[INFO ] Running join algorithm NPO_st ...
time : 0.131449
RUNTIME TOTAL, BUILD, PART (cycles): 

TOTAL-TIME-USECS, TOTAL-TUPLES, CYCLES-PER-TUPLE: 
311787.0000 	 12800000 	 77.7687 
[INFO ] Results = 12800000. DONE.
[INFO ] Creating relation R with size = 97.656 MiB, #tuples = 12800000 : OK 
[INFO ] Creating relation S with size = 97.656 MiB, #tuples = 12800000 : 1008404521 	 586232951 	 0 OK 
[INFO ] Running join algorithm NPO_st ...
time : 0.132284
RUNTIME TOTAL, BUILD, PART (cycles): 

TOTAL-TIME-USECS, TOTAL-TUPLES, CYCLES-PER-TUPLE: 
315848.0000 	 12800000 	 78.7816 
[INFO ] Results = 12800000. DONE.

***************
offset  128
[INFO ] Creating relation R with size = 97.656 MiB, #tuples = 12800000 : OK 
[INFO ] Creating relation S with size = 97.656 MiB, #tuples = 12800000 : 1022082824 	 577376212 	 0 OK 
[INFO ] Running join algorithm NPO_st ...
time : 0.139362
RUNTIME TOTAL, BUILD, PART (cycles): 

TOTAL-TIME-USECS, TOTAL-TUPLES, CYCLES-PER-TUPLE: 
320132.0000 	 12800000 	 79.8502 
[INFO ] Results = 12800000. DONE.
[INFO ] Creating relation R with size = 97.656 MiB, #tuples = 12800000 : OK 
[INFO ] Creating relation S with size = 97.656 MiB, #tuples = 12800000 : 1022218871 	 576746668 	 0 OK 
[INFO ] Running join algorithm NPO_st ...
time : 0.139592
RUNTIME TOTAL, BUILD, PART (cycles): 

TOTAL-TIME-USECS, TOTAL-TUPLES, CYCLES-PER-TUPLE: 
320174.0000 	 12800000 	 79.8608 
[INFO ] Results = 12800000. DONE.
[INFO ] Creating relation R with size = 97.656 MiB, #tuples = 12800000 : OK 
[INFO ] Creating relation S with size = 97.656 MiB, #tuples = 12800000 : 1025279319 	 577138173 	 0 OK 
[INFO ] Running join algorithm NPO_st ...
time : 0.140431
RUNTIME TOTAL, BUILD, PART (cycles): 

TOTAL-TIME-USECS, TOTAL-TUPLES, CYCLES-PER-TUPLE: 
321133.0000 	 12800000 	 80.0999 
[INFO ] Results = 12800000. DONE.

***************
offset  256
[INFO ] Creating relation R with size = 97.656 MiB, #tuples = 12800000 : OK 
[INFO ] Creating relation S with size = 97.656 MiB, #tuples = 12800000 : 1062388236 	 577124245 	 0 OK 
[INFO ] Running join algorithm NPO_st ...
time : 0.152071
RUNTIME TOTAL, BUILD, PART (cycles): 

TOTAL-TIME-USECS, TOTAL-TUPLES, CYCLES-PER-TUPLE: 
332757.0000 	 12800000 	 82.9991 
[INFO ] Results = 12800000. DONE.
[INFO ] Creating relation R with size = 97.656 MiB, #tuples = 12800000 : OK 
[INFO ] Creating relation S with size = 97.656 MiB, #tuples = 12800000 : 1044223395 	 585270004 	 0 OK 
[INFO ] Running join algorithm NPO_st ...
time : 0.143821
RUNTIME TOTAL, BUILD, PART (cycles): 

TOTAL-TIME-USECS, TOTAL-TUPLES, CYCLES-PER-TUPLE: 
327067.0000 	 12800000 	 81.5800 
[INFO ] Results = 12800000. DONE.
[INFO ] Creating relation R with size = 97.656 MiB, #tuples = 12800000 : OK 
[INFO ] Creating relation S with size = 97.656 MiB, #tuples = 12800000 : 1041317220 	 576798313 	 0 OK 
[INFO ] Running join algorithm NPO_st ...
time : 0.145557
RUNTIME TOTAL, BUILD, PART (cycles): 

TOTAL-TIME-USECS, TOTAL-TUPLES, CYCLES-PER-TUPLE: 
326157.0000 	 12800000 	 81.3529 
[INFO ] Results = 12800000. DONE.
